<?xml version="1.0" encoding="UTF-8"?>
<!-- Generated by org.testng.reporters.JUnitReportReporter -->
<testsuite hostname="QT-INBG-LT1907" failures="0" tests="2" name="TestNg_Parallel.Test_CrossBrowser" time="101.020" errors="1" timestamp="2023-09-01T23:04:54 SGT" skipped="0">
  <testcase classname="TestNg_Parallel.Test_CrossBrowser" name="facebook" time="66.117">
    <error message="session not created: This version of ChromeDriver only supports Chrome version 114
Current browser version is 116.0.5845.141 with binary path C:\Program Files\Google\Chrome\Application\chrome.exe
Build info: version: &#039;3.141.59&#039;, revision: &#039;e82be7d358&#039;, time: &#039;2018-11-14T08:17:03&#039;
System info: host: &#039;QT-INBG-LT1907&#039;, ip: &#039;192.168.130.1&#039;, os.name: &#039;Windows 10&#039;, os.arch: &#039;amd64&#039;, os.version: &#039;10.0&#039;, java.version: &#039;20.0.1&#039;
Driver info: driver.version: ChromeDriver
remote stacktrace: Backtrace:
	GetHandleVerifier [0x010AA813+48355]
	(No symbol) [0x0103C4B1]
	(No symbol) [0x00F45358]
	(No symbol) [0x00F661AC]
	(No symbol) [0x00F61EF3]
	(No symbol) [0x00F60579]
	(No symbol) [0x00F90C55]
	(No symbol) [0x00F9093C]
	(No symbol) [0x00F8A536]
	(No symbol) [0x00F682DC]
	(No symbol) [0x00F693DD]
	GetHandleVerifier [0x0130AABD+2539405]
	GetHandleVerifier [0x0134A78F+2800735]
	GetHandleVerifier [0x0134456C+2775612]
	GetHandleVerifier [0x011351E0+616112]
	(No symbol) [0x01045F8C]
	(No symbol) [0x01042328]
	(No symbol) [0x0104240B]
	(No symbol) [0x01034FF7]
	BaseThreadInitThunk [0x759C00C9+25]
	RtlGetAppContainerNamedObjectPath [0x77947B1E+286]
	RtlGetAppContainerNamedObjectPath [0x77947AEE+238]
" type="org.openqa.selenium.SessionNotCreatedException">
      <![CDATA[org.openqa.selenium.SessionNotCreatedException: session not created: This version of ChromeDriver only supports Chrome version 114
Current browser version is 116.0.5845.141 with binary path C:\Program Files\Google\Chrome\Application\chrome.exe
Build info: version: '3.141.59', revision: 'e82be7d358', time: '2018-11-14T08:17:03'
System info: host: 'QT-INBG-LT1907', ip: '192.168.130.1', os.name: 'Windows 10', os.arch: 'amd64', os.version: '10.0', java.version: '20.0.1'
Driver info: driver.version: ChromeDriver
remote stacktrace: Backtrace:
GetHandleVerifier [0x010AA813+48355]
(No symbol) [0x0103C4B1]
(No symbol) [0x00F45358]
(No symbol) [0x00F661AC]
(No symbol) [0x00F61EF3]
(No symbol) [0x00F60579]
(No symbol) [0x00F90C55]
(No symbol) [0x00F9093C]
(No symbol) [0x00F8A536]
(No symbol) [0x00F682DC]
(No symbol) [0x00F693DD]
GetHandleVerifier [0x0130AABD+2539405]
GetHandleVerifier [0x0134A78F+2800735]
GetHandleVerifier [0x0134456C+2775612]
GetHandleVerifier [0x011351E0+616112]
(No symbol) [0x01045F8C]
(No symbol) [0x01042328]
(No symbol) [0x0104240B]
(No symbol) [0x01034FF7]
BaseThreadInitThunk [0x759C00C9+25]
RtlGetAppContainerNamedObjectPath [0x77947B1E+286]
RtlGetAppContainerNamedObjectPath [0x77947AEE+238]

at java.base/jdk.internal.reflect.DirectConstructorHandleAccessor.newInstance(DirectConstructorHandleAccessor.java:67)
at java.base/java.lang.reflect.Constructor.newInstanceWithCaller(Constructor.java:500)
at java.base/java.lang.reflect.Constructor.newInstance(Constructor.java:484)
at org.openqa.selenium.remote.W3CHandshakeResponse.lambda$errorHandler$0(W3CHandshakeResponse.java:62)
at org.openqa.selenium.remote.HandshakeResponse.lambda$getResponseFunction$0(HandshakeResponse.java:30)
at org.openqa.selenium.remote.ProtocolHandshake.lambda$createSession$0(ProtocolHandshake.java:126)
at java.base/java.util.stream.ReferencePipeline$3$1.accept(ReferencePipeline.java:197)
at java.base/java.util.Spliterators$ArraySpliterator.tryAdvance(Spliterators.java:1016)
at java.base/java.util.stream.ReferencePipeline.forEachWithCancel(ReferencePipeline.java:129)
at java.base/java.util.stream.AbstractPipeline.copyIntoWithCancel(AbstractPipeline.java:527)
at java.base/java.util.stream.AbstractPipeline.copyInto(AbstractPipeline.java:513)
at java.base/java.util.stream.AbstractPipeline.wrapAndCopyInto(AbstractPipeline.java:499)
at java.base/java.util.stream.FindOps$FindOp.evaluateSequential(FindOps.java:150)
at java.base/java.util.stream.AbstractPipeline.evaluate(AbstractPipeline.java:234)
at java.base/java.util.stream.ReferencePipeline.findFirst(ReferencePipeline.java:647)
at org.openqa.selenium.remote.ProtocolHandshake.createSession(ProtocolHandshake.java:128)
at org.openqa.selenium.remote.ProtocolHandshake.createSession(ProtocolHandshake.java:74)
at org.openqa.selenium.remote.HttpCommandExecutor.execute(HttpCommandExecutor.java:136)
at org.openqa.selenium.remote.service.DriverCommandExecutor.execute(DriverCommandExecutor.java:83)
at org.openqa.selenium.remote.RemoteWebDriver.execute(RemoteWebDriver.java:552)
at org.openqa.selenium.remote.RemoteWebDriver.startSession(RemoteWebDriver.java:213)
at org.openqa.selenium.remote.RemoteWebDriver.<init>(RemoteWebDriver.java:131)
at org.openqa.selenium.chrome.ChromeDriver.<init>(ChromeDriver.java:181)
at org.openqa.selenium.chrome.ChromeDriver.<init>(ChromeDriver.java:168)
at org.openqa.selenium.chrome.ChromeDriver.<init>(ChromeDriver.java:123)
at TestNg_Parallel.Test_CrossBrowser.facebook(Test_CrossBrowser.java:23)
at java.base/jdk.internal.reflect.DirectMethodHandleAccessor.invoke(DirectMethodHandleAccessor.java:104)
at java.base/java.lang.reflect.Method.invoke(Method.java:578)
at org.testng.internal.invokers.MethodInvocationHelper.invokeMethod(MethodInvocationHelper.java:139)
at org.testng.internal.invokers.TestInvoker.invokeMethod(TestInvoker.java:677)
at org.testng.internal.invokers.TestInvoker.invokeTestMethod(TestInvoker.java:221)
at org.testng.internal.invokers.MethodRunner.runInSequence(MethodRunner.java:50)
at org.testng.internal.invokers.TestInvoker$MethodInvocationAgent.invoke(TestInvoker.java:969)
at org.testng.internal.invokers.TestInvoker.invokeTestMethods(TestInvoker.java:194)
at org.testng.internal.invokers.TestMethodWorker.invokeTestMethods(TestMethodWorker.java:148)
at org.testng.internal.invokers.TestMethodWorker.run(TestMethodWorker.java:128)
at java.base/java.util.ArrayList.forEach(ArrayList.java:1511)
at org.testng.TestRunner.privateRun(TestRunner.java:829)
at org.testng.TestRunner.run(TestRunner.java:602)
at org.testng.SuiteRunner.runTest(SuiteRunner.java:437)
at org.testng.SuiteRunner$SuiteWorker.run(SuiteRunner.java:475)
at org.testng.internal.thread.ThreadUtil.lambda$execute$0(ThreadUtil.java:58)
at java.base/java.util.concurrent.FutureTask.run(FutureTask.java:317)
at java.base/java.util.concurrent.ThreadPoolExecutor.runWorker(ThreadPoolExecutor.java:1144)
at java.base/java.util.concurrent.ThreadPoolExecutor$Worker.run(ThreadPoolExecutor.java:642)
at java.base/java.lang.Thread.run(Thread.java:1623)
]]>
    </error>
  </testcase> <!-- facebook -->
  <system-out/>
  <testcase classname="TestNg_Parallel.Test_CrossBrowser" name="facebook" time="34.903"/>
  <system-out/>
</testsuite> <!-- TestNg_Parallel.Test_CrossBrowser -->
